{"level":"info","ts":"2025-06-26T15:26:56.953+0300","caller":"cmd/main.go:55","msg":"Конфигурация успешно загружена","config_level":"debug","version":"Vitalis-api-v1.0.0"}
{"level":"info","ts":"2025-06-26T15:27:13.605+0300","caller":"cmd/main.go:55","msg":"Конфигурация успешно загружена","config_level":"info","version":"Vitalis-api-v1.0.0"}
{"level":"info","ts":"2025-06-26T15:27:13.631+0300","caller":"cmd/main.go:94","msg":"Запуск сервера","port":":8080","mode":"debug"}
{"level":"info","ts":"2025-06-26T15:27:15.662+0300","caller":"cmd/main.go:107","msg":"Получен сигнал завершения, остановка сервера..."}
{"level":"info","ts":"2025-06-26T15:27:15.662+0300","caller":"cmd/main.go:114","msg":"Сервер корректно остановлен"}
{"level":"info","ts":"2025-06-26T15:27:15.662+0300","caller":"cmd/main.go:118","msg":"Приложение завершает работу","version":"Vitalis-api-v1.0.0"}
{"level":"info","ts":"2025-08-11T19:00:55.178+0300","caller":"cmd/main.go:55","msg":"Конфигурация успешно загружена","config_level":"debug","version":"Vitalis-api-v1.0.0"}
{"level":"info","ts":"2025-08-12T19:20:17.745+0300","caller":"cmd/main.go:55","msg":"Конфигурация успешно загружена","config_level":"debug","version":"Vitalis-api-v1.0.0"}
{"level":"info","ts":"2025-08-12T19:23:26.532+0300","caller":"cmd/main.go:55","msg":"Конфигурация успешно загружена","config_level":"debug","version":"Vitalis-api-v1.0.0"}
{"level":"info","ts":"2025-08-15T20:03:04.293+0300","caller":"cmd/main.go:55","msg":"Конфигурация успешно загружена","config_level":"debug","version":"Vitalis-api-v1.0.0"}
{"level":"info","ts":"2025-08-15T20:40:04.968+0300","caller":"cmd/main.go:55","msg":"Конфигурация успешно загружена","config_level":"debug","version":"Vitalis-api-v1.0.0"}
{"level":"info","ts":"2025-08-30T15:08:14.931+0300","caller":"cmd/main.go:55","msg":"Конфигурация успешно загружена","config_level":"debug","version":"Vitalis-api-v1.0.0"}
{"level":"info","ts":"2025-08-30T15:17:55.156+0300","caller":"cmd/main.go:55","msg":"Конфигурация успешно загружена","config_level":"debug","version":"Vitalis-api-v1.0.0"}
{"level":"info","ts":"2025-08-30T15:18:09.723+0300","caller":"cmd/main.go:55","msg":"Конфигурация успешно загружена","config_level":"debug","version":"Vitalis-api-v1.0.0"}
{"level":"info","ts":"2025-08-30T15:23:45.841+0300","caller":"cmd/main.go:55","msg":"Конфигурация успешно загружена","config_level":"debug","version":"Vitalis-api-v1.0.0"}
{"level":"info","ts":"2025-09-02T04:17:15.678+0300","caller":"cmd/main.go:55","msg":"Конфигурация успешно загружена","config_level":"debug","version":"Vitalis-api-v1.0.0"}
{"level":"info","ts":"2025-09-02T16:54:21.271+0300","caller":"cmd/main.go:55","msg":"Конфигурация успешно загружена","config_level":"debug","version":"Vitalis-api-v1.0.0"}
{"level":"info","ts":"2025-09-03T01:42:56.461+0300","caller":"cmd/main.go:55","msg":"Конфигурация успешно загружена","config_level":"debug","version":"Vitalis-api-v1.0.0"}
{"level":"info","ts":"2025-09-03T10:19:52.724+0300","caller":"cmd/main.go:55","msg":"Конфигурация успешно загружена","config_level":"debug","version":"Vitalis-api-v1.0.0"}
{"level":"info","ts":"2025-09-03T14:20:15.413+0300","caller":"cmd/main.go:57","msg":"Конфигурация успешно загружена","config_level":"debug","version":"Vitalis-api-v1.0.0"}
{"level":"info","ts":"2025-09-03T14:27:50.515+0300","caller":"cmd/main.go:57","msg":"Конфигурация успешно загружена","config_level":"debug","version":"Vitalis-api-v1.0.0"}
{"level":"info","ts":"2025-09-05T00:56:37.322+0300","caller":"cmd/main.go:57","msg":"Конфигурация успешно загружена","config_level":"debug","version":"Vitalis-api-v1.0.0"}
{"level":"info","ts":"2025-09-05T01:04:39.575+0300","caller":"cmd/main.go:57","msg":"Конфигурация успешно загружена","config_level":"debug","version":"Vitalis-api-v1.0.0"}
{"level":"info","ts":"2025-09-05T01:07:21.074+0300","caller":"cmd/main.go:57","msg":"Конфигурация успешно загружена","config_level":"debug","version":"Vitalis-api-v1.0.0"}
{"level":"info","ts":"2025-09-05T01:25:38.216+0300","caller":"cmd/main.go:45","msg":"Конфигурация успешно загружена","config_level":"debug","version":"Vitalis-api-v1.0.0"}
{"level":"info","ts":"2025-09-05T01:29:08.899+0300","caller":"cmd/main.go:45","msg":"Конфигурация успешно загружена","config_level":"debug","version":"Vitalis-api-v1.0.0"}
{"level":"info","ts":"2025-09-05T01:31:45.454+0300","caller":"cmd/main.go:45","msg":"Конфигурация успешно загружена","config_level":"debug","version":"Vitalis-api-v1.0.0"}
{"level":"info","ts":"2025-09-05T01:44:02.347+0300","caller":"cmd/main.go:45","msg":"Конфигурация успешно загружена","config_level":"debug","version":"Vitalis-api-v1.0.0"}
{"level":"info","ts":"2025-09-05T02:31:48.665+0300","caller":"cmd/main.go:45","msg":"Конфигурация успешно загружена","config_level":"debug","version":"Vitalis-api-v1.0.0"}
{"level":"info","ts":"2025-09-05T13:15:06.439+0300","caller":"cmd/main.go:45","msg":"Конфигурация успешно загружена","config_level":"debug","version":"Vitalis-api-v1.0.0"}
{"level":"info","ts":"2025-09-05T15:48:11.529+0300","caller":"cmd/main.go:46","msg":"Конфигурация успешно загружена","config_level":"debug","version":"Vitalis-api-v1.0.0"}
{"level":"info","ts":"2025-09-05T15:53:18.834+0300","caller":"cmd/main.go:46","msg":"Конфигурация успешно загружена","config_level":"debug","version":"Vitalis-api-v1.0.0"}
{"level":"info","ts":"2025-09-05T16:10:12.828+0300","caller":"cmd/main.go:46","msg":"Конфигурация успешно загружена","config_level":"debug","version":"Vitalis-api-v1.0.0"}
{"level":"info","ts":"2025-09-05T16:40:27.340+0300","caller":"cmd/main.go:46","msg":"Конфигурация успешно загружена","config_level":"debug","version":"Vitalis-api-v1.0.0"}
{"level":"info","ts":"2025-09-05T17:07:42.832+0300","caller":"cmd/main.go:46","msg":"Конфигурация успешно загружена","config_level":"debug","version":"Vitalis-api-v1.0.0"}
{"level":"info","ts":"2025-09-05T17:14:22.576+0300","caller":"cmd/main.go:46","msg":"Конфигурация успешно загружена","config_level":"debug","version":"Vitalis-api-v1.0.0"}
{"level":"info","ts":"2025-09-08T13:25:22.458+0300","caller":"cmd/main.go:46","msg":"Конфигурация успешно загружена","config_level":"debug","version":"Vitalis-api-v1.0.0"}
{"level":"info","ts":"2025-09-08T23:59:52.208+0300","caller":"cmd/main.go:46","msg":"Конфигурация успешно загружена","config_level":"debug","version":"Vitalis-api-v1.0.0"}
{"level":"info","ts":"2025-09-09T00:25:03.810+0300","caller":"cmd/main.go:46","msg":"Конфигурация успешно загружена","config_level":"debug","version":"Vitalis-api-v1.0.0"}
{"level":"info","ts":"2025-09-09T00:27:40.974+0300","caller":"cmd/main.go:46","msg":"Конфигурация успешно загружена","config_level":"debug","version":"Vitalis-api-v1.0.0"}
{"level":"info","ts":"2025-09-09T00:29:13.078+0300","caller":"cmd/main.go:46","msg":"Конфигурация успешно загружена","config_level":"debug","version":"Vitalis-api-v1.0.0"}
{"level":"info","ts":"2025-09-09T00:46:26.329+0300","caller":"cmd/main.go:46","msg":"Конфигурация успешно загружена","config_level":"debug","version":"Vitalis-api-v1.0.0"}
{"level":"info","ts":"2025-09-09T02:02:50.523+0300","caller":"cmd/main.go:46","msg":"Конфигурация успешно загружена","config_level":"debug","version":"Vitalis-api-v1.0.0"}
{"level":"info","ts":"2025-09-09T04:32:31.835+0300","caller":"cmd/main.go:46","msg":"Конфигурация успешно загружена","config_level":"debug","version":"Vitalis-api-v1.0.0"}
{"level":"info","ts":"2025-09-09T04:45:21.872+0300","caller":"cmd/main.go:46","msg":"Конфигурация успешно загружена","config_level":"debug","version":"Vitalis-api-v1.0.0"}
{"level":"info","ts":"2025-09-09T04:59:20.865+0300","caller":"cmd/main.go:46","msg":"Конфигурация успешно загружена","config_level":"debug","version":"Vitalis-api-v1.0.0"}
{"level":"info","ts":"2025-09-09T05:12:39.566+0300","caller":"cmd/main.go:46","msg":"Конфигурация успешно загружена","config_level":"debug","version":"Vitalis-api-v1.0.0"}
{"level":"info","ts":"2025-09-09T05:12:57.989+0300","caller":"cmd/main.go:46","msg":"Конфигурация успешно загружена","config_level":"debug","version":"Vitalis-api-v1.0.0"}
{"level":"info","ts":"2025-09-18T22:36:35.169+0300","caller":"cmd/main.go:46","msg":"Конфигурация успешно загружена","config_level":"debug","version":"Vitalis-api-v1.0.0"}
{"level":"info","ts":"2025-09-19T00:56:10.303+0300","caller":"cmd/main.go:46","msg":"Конфигурация успешно загружена","config_level":"debug","version":"Vitalis-api-v1.0.0"}
{"level":"info","ts":"2025-09-22T11:10:29.461+0300","caller":"cmd/main.go:46","msg":"Конфигурация успешно загружена","config_level":"debug","version":"Vitalis-api-v1.0.0"}
{"level":"info","ts":"2025-09-22T11:25:34.039+0300","caller":"cmd/main.go:46","msg":"Конфигурация успешно загружена","config_level":"debug","version":"Vitalis-api-v1.0.0"}
{"level":"info","ts":"2025-09-22T11:28:05.797+0300","caller":"cmd/main.go:46","msg":"Конфигурация успешно загружена","config_level":"info","version":"Vitalis-api-v1.0.0"}
{"level":"info","ts":"2025-09-22T11:28:05.820+0300","caller":"cmd/main.go:98","msg":"Запуск сервера","port":":8080","mode":"debug"}
{"level":"info","ts":"2025-09-22T11:31:18.607+0300","caller":"cmd/main.go:111","msg":"Получен сигнал завершения, остановка сервера..."}
{"level":"info","ts":"2025-09-22T11:31:18.607+0300","caller":"cmd/main.go:118","msg":"Сервер корректно остановлен"}
{"level":"info","ts":"2025-09-22T11:31:18.607+0300","caller":"cmd/main.go:121","msg":"Приложение завершает работу","version":"Vitalis-api-v1.0.0"}
{"level":"info","ts":"2025-09-22T11:39:23.155+0300","caller":"cmd/main.go:46","msg":"Конфигурация успешно загружена","config_level":"debug","version":"Vitalis-api-v1.0.0"}
{"level":"info","ts":"2025-09-22T12:40:42.622+0300","caller":"cmd/main.go:46","msg":"Конфигурация успешно загружена","config_level":"debug","version":"Vitalis-api-v1.0.0"}
